<?xml version="1.0" encoding="UTF-8"?>
<!-- Generated by org.testng.reporters.JUnitReportReporter -->
<testsuite skipped="0" hostname="MSDT066" name="TestCases.LoginPageTest" tests="3" failures="0" timestamp="2022-02-07T17:35:05 IST" time="6.593" errors="0">
  <testcase name="loginpagetitletest" time="0.046" classname="TestCases.LoginPageTest"/>
  <system-out/>
  <testcase name="forgotPasswrdButton" time="1.125" classname="TestCases.LoginPageTest"/>
  <system-out/>
  <testcase name="userlogintest" time="5.422" classname="TestCases.LoginPageTest"/>
  <system-out/>
</testsuite> <!-- TestCases.LoginPageTest -->
