<?xml version="1.0" encoding="UTF-8"?>
<!-- Generated by org.testng.reporters.JUnitReportReporter -->
<testsuite skipped="0" hostname="MSDT066" name="TestngDemo.LoginTest" tests="2" failures="0" timestamp="2022-02-03T19:42:39 IST" time="6.604" errors="0">
  <testcase name="Forgetpass" time="1.106" classname="TestngDemo.LoginTest"/>
  <system-out/>
  <testcase name="Login" time="5.498" classname="TestngDemo.LoginTest"/>
  <system-out/>
</testsuite> <!-- TestngDemo.LoginTest -->
