<?xml version="1.0" encoding="UTF-8"?>
<!-- Generated by org.testng.reporters.JUnitReportReporter -->
<testsuite skipped="0" hostname="MSDT066" name="TestngDemo.ParallelTest" tests="4" failures="0" timestamp="2022-02-03T19:40:57 IST" time="0.001" errors="0">
  <testcase name="parallelForgetpassword" time="0.001" classname="TestngDemo.ParallelTest"/>
  <system-out/>
  <testcase name="parallellaunch" time="0.000" classname="TestngDemo.ParallelTest"/>
  <system-out/>
  <testcase name="parallelclose" time="0.000" classname="TestngDemo.ParallelTest"/>
  <system-out/>
  <testcase name="parallellogin" time="0.000" classname="TestngDemo.ParallelTest"/>
  <system-out/>
</testsuite> <!-- TestngDemo.ParallelTest -->
