<?xml version="1.0" encoding="UTF-8"?>
<!-- Generated by org.testng.reporters.JUnitReportReporter -->
<testsuite skipped="0" hostname="MSDT066" name="TestngDemo.GroupingTests" tests="4" failures="0" timestamp="2022-02-02T16:51:20 IST" time="0.015" errors="0">
  <testcase name="test3" time="0.000" classname="TestngDemo.GroupingTests"/>
  <system-out/>
  <testcase name="test2" time="0.000" classname="TestngDemo.GroupingTests"/>
  <system-out/>
  <testcase name="test4" time="0.000" classname="TestngDemo.GroupingTests"/>
  <system-out/>
  <testcase name="test1" time="0.015" classname="TestngDemo.GroupingTests"/>
  <system-out/>
</testsuite> <!-- TestngDemo.GroupingTests -->
