<?xml version="1.0" encoding="UTF-8"?>
<!-- Generated by org.testng.reporters.JUnitReportReporter -->
<testsuite skipped="0" hostname="MSDT066" name="TestngDemo.HomepageTest" tests="2" failures="0" timestamp="2022-02-03T19:42:39 IST" time="1.320" errors="0">
  <testcase name="Logout" time="1.308" classname="TestngDemo.HomepageTest"/>
  <system-out/>
  <testcase name="verifypage" time="0.012" classname="TestngDemo.HomepageTest"/>
  <system-out/>
</testsuite> <!-- TestngDemo.HomepageTest -->
